[0.018s] Invoking command in '/home/alvaro/Documents/GitHub/IR2117/ros2_ws/build/examples_sum': CMAKE_PREFIX_PATH=${CMAKE_PREFIX_PATH}:/opt/ros/foxy /usr/bin/cmake --build /home/alvaro/Documents/GitHub/IR2117/ros2_ws/build/examples_sum -- -j8 -l8
[0.053s] [35m[1mScanning dependencies of target sum[0m
[0.071s] [ 50%] [32mBuilding CXX object CMakeFiles/sum.dir/sum.cpp.o[0m
[0.911s] [01m[K/home/alvaro/Documents/GitHub/IR2117/ros2_ws/src/examples/sum/sum.cpp:[m[K In function â€˜[01m[Kint main(int, char**)[m[Kâ€™:
[0.911s] [01m[K/home/alvaro/Documents/GitHub/IR2117/ros2_ws/src/examples/sum/sum.cpp:21:3:[m[K [01;31m[Kerror: [m[Kexpected â€˜[01m[K,[m[Kâ€™ or â€˜[01m[K;[m[Kâ€™ before â€˜[01m[Krclcpp[m[Kâ€™
[0.911s]    21 |   [01;31m[Krclcpp[m[K::spin(node);
[0.911s]       |   [01;31m[K^~~~~~[m[K
[1.892s] make[2]: *** [CMakeFiles/sum.dir/build.make:63: CMakeFiles/sum.dir/sum.cpp.o] Error 1
[1.892s] make[1]: *** [CMakeFiles/Makefile2:105: CMakeFiles/sum.dir/all] Error 2
[1.892s] make: *** [Makefile:141: all] Error 2
[1.894s] Invoked command in '/home/alvaro/Documents/GitHub/IR2117/ros2_ws/build/examples_sum' returned '2': CMAKE_PREFIX_PATH=${CMAKE_PREFIX_PATH}:/opt/ros/foxy /usr/bin/cmake --build /home/alvaro/Documents/GitHub/IR2117/ros2_ws/build/examples_sum -- -j8 -l8
