[0.025s] Invoking command in '/home/usuario/Documentos/GitHub/IR2117/ros2_ws/build/examples_topics': CMAKE_PREFIX_PATH=/opt/ros/foxy /usr/bin/cmake /home/usuario/Documentos/GitHub/IR2117/ros2_ws/src/examples/topics -DCMAKE_INSTALL_PREFIX=/home/usuario/Documentos/GitHub/IR2117/ros2_ws/install/examples_topics
[0.410s] -- The C compiler identification is GNU 9.4.0
[0.831s] -- The CXX compiler identification is GNU 9.4.0
[0.848s] -- Check for working C compiler: /usr/bin/cc
[1.181s] -- Check for working C compiler: /usr/bin/cc -- works
[1.187s] -- Detecting C compiler ABI info
[1.495s] -- Detecting C compiler ABI info - done
[1.524s] -- Detecting C compile features
[1.524s] -- Detecting C compile features - done
[1.535s] -- Check for working CXX compiler: /usr/bin/c++
[1.956s] -- Check for working CXX compiler: /usr/bin/c++ -- works
[1.964s] -- Detecting CXX compiler ABI info
[2.207s] -- Detecting CXX compiler ABI info - done
[2.241s] -- Detecting CXX compile features
[2.241s] -- Detecting CXX compile features - done
[2.258s] -- Found ament_cmake: 0.9.11 (/opt/ros/foxy/share/ament_cmake/cmake)
[2.295s] -- Found PythonInterp: /usr/bin/python3 (found suitable version "3.8.10", minimum required is "3") 
[2.295s] -- Using PYTHON_EXECUTABLE: /usr/bin/python3
[2.539s] -- Found rclcpp: 2.4.2 (/opt/ros/foxy/share/rclcpp/cmake)
[2.589s] -- Using all available rosidl_typesupport_c: rosidl_typesupport_fastrtps_c;rosidl_typesupport_introspection_c
[2.596s] -- Found rosidl_adapter: 1.3.0 (/opt/ros/foxy/share/rosidl_adapter/cmake)
[2.674s] -- Found OpenSSL: /usr/lib/x86_64-linux-gnu/libcrypto.so (found version "1.1.1f")  
[2.701s] -- Found FastRTPS: /opt/ros/foxy/include  
[2.771s] -- Using all available rosidl_typesupport_cpp: rosidl_typesupport_fastrtps_cpp;rosidl_typesupport_introspection_cpp
[2.829s] -- Found rmw_implementation_cmake: 1.0.3 (/opt/ros/foxy/share/rmw_implementation_cmake/cmake)
[2.831s] -- Using RMW implementation 'rmw_fastrtps_cpp' as default
[2.844s] -- Looking for pthread.h
[3.080s] -- Looking for pthread.h - found
[3.090s] -- Performing Test CMAKE_HAVE_LIBC_PTHREAD
[3.400s] -- Performing Test CMAKE_HAVE_LIBC_PTHREAD - Failed
[3.400s] -- Looking for pthread_create in pthreads
[3.604s] -- Looking for pthread_create in pthreads - not found
[3.607s] -- Looking for pthread_create in pthread
[3.894s] -- Looking for pthread_create in pthread - found
[3.903s] -- Found Threads: TRUE  
[4.148s] -- Configuring done
[4.163s] -- Generating done
[4.180s] -- Build files have been written to: /home/usuario/Documentos/GitHub/IR2117/ros2_ws/build/examples_topics
[4.187s] Invoked command in '/home/usuario/Documentos/GitHub/IR2117/ros2_ws/build/examples_topics' returned '0': CMAKE_PREFIX_PATH=/opt/ros/foxy /usr/bin/cmake /home/usuario/Documentos/GitHub/IR2117/ros2_ws/src/examples/topics -DCMAKE_INSTALL_PREFIX=/home/usuario/Documentos/GitHub/IR2117/ros2_ws/install/examples_topics
[4.192s] Invoking command in '/home/usuario/Documentos/GitHub/IR2117/ros2_ws/build/examples_topics': CMAKE_PREFIX_PATH=/opt/ros/foxy /usr/bin/cmake --build /home/usuario/Documentos/GitHub/IR2117/ros2_ws/build/examples_topics -- -j6 -l6
[4.315s] [35m[1mScanning dependencies of target publisher[0m
[4.315s] [35m[1mScanning dependencies of target subscriber[0m
[4.453s] [ 50%] [32mBuilding CXX object CMakeFiles/subscriber.dir/subscriber.cpp.o[0m
[4.453s] [ 50%] [32mBuilding CXX object CMakeFiles/publisher.dir/publisher.cpp.o[0m
[142.257s] make[2]: *** Se borra el archivo 'CMakeFiles/subscriber.dir/subscriber.cpp.o'
[142.257s] make[2]: *** Se borra el archivo 'CMakeFiles/publisher.dir/publisher.cpp.o'
[142.257s] make[2]: *** [CMakeFiles/publisher.dir/build.make:63: CMakeFiles/publisher.dir/publisher.cpp.o] Interrupci√≥n
[142.258s] make[1]: *** [CMakeFiles/Makefile2:107: CMakeFiles/publisher.dir/all] Interrupci√≥n
[142.258s] make[2]: *** [CMakeFiles/subscriber.dir/build.make:63: CMakeFiles/subscriber.dir/subscriber.cpp.o] Interrupci√≥n
[142.258s] make[1]: *** [CMakeFiles/Makefile2:80: CMakeFiles/subscriber.dir/all] Interrupci√≥n
[142.258s] make: *** wait: No hay ning√∫n proceso hijo.  Alto.
[142.258s] make: *** Se espera a que terminen otras tareas....
[142.259s] make: *** wait: No hay ning√∫n proceso hijo.  Alto.
[142.260s] Invoked command in '/home/usuario/Documentos/GitHub/IR2117/ros2_ws/build/examples_topics' returned '-2': CMAKE_PREFIX_PATH=/opt/ros/foxy /usr/bin/cmake --build /home/usuario/Documentos/GitHub/IR2117/ros2_ws/build/examples_topics -- -j6 -l6
