[0.027s] Invoking command in '/home/alvaro/Documents/GitHub/IR2117/tb3_ws/build/obstacles': /usr/bin/cmake --build /home/alvaro/Documents/GitHub/IR2117/tb3_ws/build/obstacles -- -j8 -l8
[0.070s] -- Found ament_cmake: 0.9.11 (/opt/ros/foxy/share/ament_cmake/cmake)
[0.113s] -- Using PYTHON_EXECUTABLE: /usr/bin/python3
[0.358s] Traceback (most recent call last):
[0.358s]   File "/opt/ros/foxy/share/ament_cmake_core/cmake/package_templates/templates_2_cmake.py", line 21, in <module>
[0.358s]     from ament_package.templates import get_environment_hook_template_path
[0.358s] ModuleNotFoundError: No module named 'ament_package'
[0.396s] CMake Error at /opt/ros/foxy/share/ament_cmake_core/cmake/ament_cmake_package_templates-extras.cmake:41 (message):
[0.396s]   execute_process(/usr/bin/python3
[0.396s]   /opt/ros/foxy/share/ament_cmake_core/cmake/package_templates/templates_2_cmake.py
[0.397s]   /home/alvaro/Documents/GitHub/IR2117/tb3_ws/build/obstacles/ament_cmake_package_templates/templates.cmake)
[0.397s]   returned error code 1
[0.397s] Call Stack (most recent call first):
[0.397s]   /opt/ros/foxy/share/ament_cmake_core/cmake/ament_cmake_coreConfig.cmake:41 (include)
[0.397s]   /opt/ros/foxy/share/ament_cmake/cmake/ament_cmake_export_dependencies-extras.cmake:15 (find_package)
[0.397s]   /opt/ros/foxy/share/ament_cmake/cmake/ament_cmakeConfig.cmake:41 (include)
[0.397s]   CMakeLists.txt:19 (find_package)
[0.397s] 
[0.397s] 
[0.398s] -- Configuring incomplete, errors occurred!
[0.398s] See also "/home/alvaro/Documents/GitHub/IR2117/tb3_ws/build/obstacles/CMakeFiles/CMakeOutput.log".
[0.398s] See also "/home/alvaro/Documents/GitHub/IR2117/tb3_ws/build/obstacles/CMakeFiles/CMakeError.log".
[0.400s] make: *** [Makefile:266: cmake_check_build_system] Error 1
[0.403s] Invoked command in '/home/alvaro/Documents/GitHub/IR2117/tb3_ws/build/obstacles' returned '2': /usr/bin/cmake --build /home/alvaro/Documents/GitHub/IR2117/tb3_ws/build/obstacles -- -j8 -l8
