[0.021s] Invoking command in '/home/alvaro/Documents/GitHub/IR2117/tb3_ws/build/obstacles': CMAKE_PREFIX_PATH=${CMAKE_PREFIX_PATH}:/opt/ros/foxy /usr/bin/cmake --build /home/alvaro/Documents/GitHub/IR2117/tb3_ws/build/obstacles -- -j8 -l8
[0.051s] [35m[1mScanning dependencies of target avoidance[0m
[0.073s] [ 25%] [32mBuilding CXX object CMakeFiles/avoidance.dir/src/avoidance.cpp.o[0m
[0.074s] [ 75%] Built target detector
[0.945s] [01m[K/home/alvaro/Documents/GitHub/IR2117/tb3_ws/src/obstacles/src/avoidance.cpp:[m[K In function â€˜[01m[Kint main(int, char**)[m[Kâ€™:
[0.945s] [01m[K/home/alvaro/Documents/GitHub/IR2117/tb3_ws/src/obstacles/src/avoidance.cpp:28:5:[m[K [01;31m[Kerror: [m[Kâ€˜[01m[Krclpcpp[m[Kâ€™ has not been declared
[0.945s]    28 |     [01;31m[Krclpcpp[m[K::init(argc, argv);
[0.945s]       |     [01;31m[K^~~~~~~[m[K
[0.963s] [01m[K/home/alvaro/Documents/GitHub/IR2117/tb3_ws/src/obstacles/src/avoidance.cpp:62:13:[m[K [01;35m[Kwarning: [m[Kstatement is a reference, not call, to function â€˜[01m[Krclcpp::shutdown[m[Kâ€™ [[01;35m[K-Waddress[m[K]
[0.963s]    62 |     [01;35m[Krclcpp::shutdown[m[K;
[0.963s]       |     [01;35m[K~~~~~~~~^~~~~~~~[m[K
[0.963s] [01m[K/home/alvaro/Documents/GitHub/IR2117/tb3_ws/src/obstacles/src/avoidance.cpp:62:13:[m[K [01;35m[Kwarning: [m[Kstatement has no effect [[01;35m[K-Wunused-value[m[K]
[2.063s] make[2]: *** [CMakeFiles/avoidance.dir/build.make:63: CMakeFiles/avoidance.dir/src/avoidance.cpp.o] Error 1
[2.063s] make[1]: *** [CMakeFiles/Makefile2:107: CMakeFiles/avoidance.dir/all] Error 2
[2.063s] make: *** [Makefile:141: all] Error 2
[2.065s] Invoked command in '/home/alvaro/Documents/GitHub/IR2117/tb3_ws/build/obstacles' returned '2': CMAKE_PREFIX_PATH=${CMAKE_PREFIX_PATH}:/opt/ros/foxy /usr/bin/cmake --build /home/alvaro/Documents/GitHub/IR2117/tb3_ws/build/obstacles -- -j8 -l8
