[0.026s] Invoking command in '/home/alvaro/Documents/GitHub/IR2117/tb3_ws/build/obstacles': CMAKE_PREFIX_PATH=${CMAKE_PREFIX_PATH}:/opt/ros/foxy /usr/bin/cmake --build /home/alvaro/Documents/GitHub/IR2117/tb3_ws/build/obstacles -- -j8 -l8
[0.080s] [35m[1mScanning dependencies of target detector[0m
[0.109s] [ 50%] [32mBuilding CXX object CMakeFiles/detector.dir/src/detector.cpp.o[0m
[1.207s] [01m[K/home/alvaro/Documents/GitHub/IR2117/tb3_ws/src/obstacles/src/detector.cpp:6:78:[m[K [01;31m[Kerror: [m[Kexpected initializer before â€˜[01m[K>[m[Kâ€™ token
[1.208s]     6 | std::shared_ptr< rclcpp::Publisher<example_interfaces::msg::Bool> > publisher[01;31m[K>[m[K
[1.208s]       |                                                                              [01;31m[K^[m[K
[1.211s] [01m[K/home/alvaro/Documents/GitHub/IR2117/tb3_ws/src/obstacles/src/detector.cpp:[m[K In function â€˜[01m[Kint main(int, char**)[m[Kâ€™:
[1.211s] [01m[K/home/alvaro/Documents/GitHub/IR2117/tb3_ws/src/obstacles/src/detector.cpp:18:90:[m[K [01;31m[Kerror: [m[Kâ€˜[01m[Ktopic_callback[m[Kâ€™ was not declared in this scope
[1.211s]    18 | ->create_subscription<sensor_msgs::msg::LaserScan>("scan", 10, [01;31m[Ktopic_callback[m[K);
[1.211s]       |                                                                [01;31m[K^~~~~~~~~~~~~~[m[K
[1.211s] 
[1.995s] make[2]: *** [CMakeFiles/detector.dir/build.make:63: CMakeFiles/detector.dir/src/detector.cpp.o] Error 1
[1.995s] make[1]: *** [CMakeFiles/Makefile2:78: CMakeFiles/detector.dir/all] Error 2
[1.995s] make: *** [Makefile:141: all] Error 2
[1.997s] Invoked command in '/home/alvaro/Documents/GitHub/IR2117/tb3_ws/build/obstacles' returned '2': CMAKE_PREFIX_PATH=${CMAKE_PREFIX_PATH}:/opt/ros/foxy /usr/bin/cmake --build /home/alvaro/Documents/GitHub/IR2117/tb3_ws/build/obstacles -- -j8 -l8
