[0.021s] Invoking command in '/home/alvaro/Documents/GitHub/IR2117/tb3_ws/build/obstacles': /usr/bin/cmake --build /home/alvaro/Documents/GitHub/IR2117/tb3_ws/build/obstacles -- -j8 -l8
[0.048s] -- Found ament_cmake: 0.9.11 (/opt/ros/foxy/share/ament_cmake/cmake)
[0.073s] -- Using PYTHON_EXECUTABLE: /usr/bin/python3
[0.242s] Traceback (most recent call last):
[0.243s]   File "/opt/ros/foxy/share/ament_cmake_core/cmake/package_templates/templates_2_cmake.py", line 21, in <module>
[0.243s]     from ament_package.templates import get_environment_hook_template_path
[0.243s] ModuleNotFoundError: No module named 'ament_package'
[0.273s] CMake Error at /opt/ros/foxy/share/ament_cmake_core/cmake/ament_cmake_package_templates-extras.cmake:41 (message):
[0.274s]   execute_process(/usr/bin/python3
[0.274s]   /opt/ros/foxy/share/ament_cmake_core/cmake/package_templates/templates_2_cmake.py
[0.274s]   /home/alvaro/Documents/GitHub/IR2117/tb3_ws/build/obstacles/ament_cmake_package_templates/templates.cmake)
[0.274s]   returned error code 1
[0.274s] Call Stack (most recent call first):
[0.274s]   /opt/ros/foxy/share/ament_cmake_core/cmake/ament_cmake_coreConfig.cmake:41 (include)
[0.274s]   /opt/ros/foxy/share/ament_cmake/cmake/ament_cmake_export_dependencies-extras.cmake:15 (find_package)
[0.274s]   /opt/ros/foxy/share/ament_cmake/cmake/ament_cmakeConfig.cmake:41 (include)
[0.275s]   CMakeLists.txt:19 (find_package)
[0.275s] 
[0.275s] 
[0.275s] -- Configuring incomplete, errors occurred!
[0.275s] See also "/home/alvaro/Documents/GitHub/IR2117/tb3_ws/build/obstacles/CMakeFiles/CMakeOutput.log".
[0.275s] See also "/home/alvaro/Documents/GitHub/IR2117/tb3_ws/build/obstacles/CMakeFiles/CMakeError.log".
[0.277s] make: *** [Makefile:266: cmake_check_build_system] Error 1
[0.279s] Invoked command in '/home/alvaro/Documents/GitHub/IR2117/tb3_ws/build/obstacles' returned '2': /usr/bin/cmake --build /home/alvaro/Documents/GitHub/IR2117/tb3_ws/build/obstacles -- -j8 -l8
