[0.018s] Invoking command in '/home/alvaro/Documents/GitHub/IR2117/tb3_ws/build/obstacles': /usr/bin/cmake --build /home/alvaro/Documents/GitHub/IR2117/tb3_ws/build/obstacles -- -j8 -l8
[0.043s] -- Found ament_cmake: 0.9.11 (/opt/ros/foxy/share/ament_cmake/cmake)
[0.067s] -- Using PYTHON_EXECUTABLE: /usr/bin/python3
[0.222s] Traceback (most recent call last):
[0.222s]   File "/opt/ros/foxy/share/ament_cmake_core/cmake/package_templates/templates_2_cmake.py", line 21, in <module>
[0.222s]     from ament_package.templates import get_environment_hook_template_path
[0.222s] ModuleNotFoundError: No module named 'ament_package'
[0.252s] CMake Error at /opt/ros/foxy/share/ament_cmake_core/cmake/ament_cmake_package_templates-extras.cmake:41 (message):
[0.252s]   execute_process(/usr/bin/python3
[0.252s]   /opt/ros/foxy/share/ament_cmake_core/cmake/package_templates/templates_2_cmake.py
[0.253s]   /home/alvaro/Documents/GitHub/IR2117/tb3_ws/build/obstacles/ament_cmake_package_templates/templates.cmake)
[0.253s]   returned error code 1
[0.253s] Call Stack (most recent call first):
[0.253s]   /opt/ros/foxy/share/ament_cmake_core/cmake/ament_cmake_coreConfig.cmake:41 (include)
[0.253s]   /opt/ros/foxy/share/ament_cmake/cmake/ament_cmake_export_dependencies-extras.cmake:15 (find_package)
[0.253s]   /opt/ros/foxy/share/ament_cmake/cmake/ament_cmakeConfig.cmake:41 (include)
[0.253s]   CMakeLists.txt:19 (find_package)
[0.253s] 
[0.253s] 
[0.253s] -- Configuring incomplete, errors occurred!
[0.253s] See also "/home/alvaro/Documents/GitHub/IR2117/tb3_ws/build/obstacles/CMakeFiles/CMakeOutput.log".
[0.253s] See also "/home/alvaro/Documents/GitHub/IR2117/tb3_ws/build/obstacles/CMakeFiles/CMakeError.log".
[0.254s] make: *** [Makefile:266: cmake_check_build_system] Error 1
[0.256s] Invoked command in '/home/alvaro/Documents/GitHub/IR2117/tb3_ws/build/obstacles' returned '2': /usr/bin/cmake --build /home/alvaro/Documents/GitHub/IR2117/tb3_ws/build/obstacles -- -j8 -l8
