[0.019s] Invoking command in '/home/alvaro/Documents/GitHub/IR2117/tb3_ws/build/obstacles': CMAKE_PREFIX_PATH=${CMAKE_PREFIX_PATH}:/opt/ros/foxy /usr/bin/cmake --build /home/alvaro/Documents/GitHub/IR2117/tb3_ws/build/obstacles -- -j8 -l8
[0.050s] [35m[1mScanning dependencies of target detector[0m
[0.069s] [ 50%] [32mBuilding CXX object CMakeFiles/detector.dir/src/detector.cpp.o[0m
[0.902s] [01m[K/home/alvaro/Documents/GitHub/IR2117/tb3_ws/src/obstacles/src/detector.cpp:[m[K In function â€˜[01m[Kvoid topic_callback(sensor_msgs::msg::LaserScan_<std::allocator<void> >::SharedPtr)[m[Kâ€™:
[0.902s] [01m[K/home/alvaro/Documents/GitHub/IR2117/tb3_ws/src/obstacles/src/detector.cpp:9:5:[m[K [01;31m[Kerror: [m[Kâ€˜[01m[Kpublisher[m[Kâ€™ was not declared in this scope
[0.903s]     9 |     [01;31m[Kpublisher[m[K-publish(out_msg);
[0.903s]       |     [01;31m[K^~~~~~~~~[m[K
[0.903s] [01m[K/home/alvaro/Documents/GitHub/IR2117/tb3_ws/src/obstacles/src/detector.cpp:9:15:[m[K [01;31m[Kerror: [m[Kâ€˜[01m[Kpublish[m[Kâ€™ was not declared in this scope; did you mean â€˜[01m[Krcl_publish[m[Kâ€™?
[0.903s]     9 |     publisher-[01;31m[Kpublish[m[K(out_msg);
[0.903s]       |               [01;31m[K^~~~~~~[m[K
[0.903s]       |               [32m[Krcl_publish[m[K
[0.903s] [01m[K/home/alvaro/Documents/GitHub/IR2117/tb3_ws/src/obstacles/src/detector.cpp:6:66:[m[K [01;35m[Kwarning: [m[Kunused parameter â€˜[01m[Kmsg[m[Kâ€™ [[01;35m[K-Wunused-parameter[m[K]
[0.903s]     6 | void topic_callback([01;35m[Kconst sensor_msgs::msg::LaserScan::SharedPtr msg[m[K){
[0.903s]       |                     [01;35m[K~~~~~~~~~~~~~~~~~~~~~~~~~~~~~~~~~~~~~~~~~~~~~^~~[m[K
[1.984s] make[2]: *** [CMakeFiles/detector.dir/build.make:63: CMakeFiles/detector.dir/src/detector.cpp.o] Error 1
[1.984s] make[1]: *** [CMakeFiles/Makefile2:78: CMakeFiles/detector.dir/all] Error 2
[1.984s] make: *** [Makefile:141: all] Error 2
[1.987s] Invoked command in '/home/alvaro/Documents/GitHub/IR2117/tb3_ws/build/obstacles' returned '2': CMAKE_PREFIX_PATH=${CMAKE_PREFIX_PATH}:/opt/ros/foxy /usr/bin/cmake --build /home/alvaro/Documents/GitHub/IR2117/tb3_ws/build/obstacles -- -j8 -l8
