[0.023s] Invoking command in '/home/alvaro/Documents/GitHub/IR2117/tb3_ws/build/obstacles': /usr/bin/cmake --build /home/alvaro/Documents/GitHub/IR2117/tb3_ws/build/obstacles -- -j8 -l8
[0.081s] [ 50%] [32mBuilding CXX object CMakeFiles/detector.dir/src/detector.cpp.o[0m
[1.257s] [01m[K/home/alvaro/Documents/GitHub/IR2117/tb3_ws/src/obstacles/src/detector.cpp:[m[K In function â€˜[01m[Kvoid topic_callback(sensor_msgs::msg::LaserScan_<std::allocator<void> >::SharedPtr)[m[Kâ€™:
[1.257s] [01m[K/home/alvaro/Documents/GitHub/IR2117/tb3_ws/src/obstacles/src/detector.cpp:15:23:[m[K [01;31m[Kerror: [m[Kâ€˜[01m[Kobs_angle_min[m[Kâ€™ was not declared in this scope
[1.257s]    15 |         if ((angle >= [01;31m[Kobs_angle_min[m[K) and (angle <= obs_angle_max)){
[1.257s]       |                       [01;31m[K^~~~~~~~~~~~~[m[K
[1.259s] [01m[K/home/alvaro/Documents/GitHub/IR2117/tb3_ws/src/obstacles/src/detector.cpp:15:52:[m[K [01;31m[Kerror: [m[Kâ€˜[01m[Kobs_angle_max[m[Kâ€™ was not declared in this scope
[1.259s]    15 |         if ((angle >= obs_angle_min) and (angle <= [01;31m[Kobs_angle_max[m[K)){
[1.259s]       |                                                    [01;31m[K^~~~~~~~~~~~~[m[K
[1.261s] [01m[K/home/alvaro/Documents/GitHub/IR2117/tb3_ws/src/obstacles/src/detector.cpp:16:26:[m[K [01;31m[Kerror: [m[Kâ€˜[01m[Kobs_threshold[m[Kâ€™ was not declared in this scope
[1.261s]    16 |             if (range <= [01;31m[Kobs_threshold[m[K){
[1.261s]       |                          [01;31m[K^~~~~~~~~~~~~[m[K
[1.287s] [01m[K/home/alvaro/Documents/GitHub/IR2117/tb3_ws/src/obstacles/src/detector.cpp:[m[K In function â€˜[01m[Kint main(int, char**)[m[Kâ€™:
[1.287s] [01m[K/home/alvaro/Documents/GitHub/IR2117/tb3_ws/src/obstacles/src/detector.cpp:37:5:[m[K [01;31m[Kerror: [m[Kâ€˜[01m[Kobs_angle_min[m[Kâ€™ was not declared in this scope
[1.287s]    37 |     [01;31m[Kobs_angle_min[m[K = node->get_parameter("obs_angle_min").get_parameter_value().get<double>();
[1.287s]       |     [01;31m[K^~~~~~~~~~~~~[m[K
[2.368s] make[2]: *** [CMakeFiles/detector.dir/build.make:63: CMakeFiles/detector.dir/src/detector.cpp.o] Interrupt
[2.368s] make[1]: *** [CMakeFiles/Makefile2:78: CMakeFiles/detector.dir/all] Interrupt
[2.368s] make: *** [Makefile:141: all] Interrupt
[2.380s] Invoked command in '/home/alvaro/Documents/GitHub/IR2117/tb3_ws/build/obstacles' returned '-2': /usr/bin/cmake --build /home/alvaro/Documents/GitHub/IR2117/tb3_ws/build/obstacles -- -j8 -l8
