[0.027s] Invoking command in '/home/alvaro/Documents/GitHub/IR2117/tb3_ws/build/obstacles': CMAKE_PREFIX_PATH=${CMAKE_PREFIX_PATH}:/opt/ros/foxy /usr/bin/cmake --build /home/alvaro/Documents/GitHub/IR2117/tb3_ws/build/obstacles -- -j8 -l8
[0.074s] [35m[1mScanning dependencies of target avoidance[0m
[0.095s] [ 50%] Built target detector
[0.105s] [ 75%] [32mBuilding CXX object CMakeFiles/avoidance.dir/src/avoidance.cpp.o[0m
[1.256s] [01m[K/home/alvaro/Documents/GitHub/IR2117/tb3_ws/src/obstacles/src/avoidance.cpp:[m[K In function â€˜[01m[Kvoid callback_front(example_interfaces::msg::Bool_<std::allocator<void> >::SharedPtr)[m[Kâ€™:
[1.256s] [01m[K/home/alvaro/Documents/GitHub/IR2117/tb3_ws/src/obstacles/src/avoidance.cpp:12:24:[m[K [01;31m[Kerror: [m[Kâ€˜[01m[Kconst SharedPtr[m[Kâ€™ {aka â€˜[01m[Kconst class std::shared_ptr<example_interfaces::msg::Bool_<std::allocator<void> > >[m[Kâ€™} has no member named â€˜[01m[Kdata[m[Kâ€™
[1.256s]    12 |     front_detect = msg.[01;31m[Kdata[m[K;
[1.257s]       |                        [01;31m[K^~~~[m[K
[1.257s] [01m[K/home/alvaro/Documents/GitHub/IR2117/tb3_ws/src/obstacles/src/avoidance.cpp:[m[K In function â€˜[01m[Kvoid callback_left(example_interfaces::msg::Bool_<std::allocator<void> >::SharedPtr)[m[Kâ€™:
[1.257s] [01m[K/home/alvaro/Documents/GitHub/IR2117/tb3_ws/src/obstacles/src/avoidance.cpp:16:23:[m[K [01;31m[Kerror: [m[Kâ€˜[01m[Kconst SharedPtr[m[Kâ€™ {aka â€˜[01m[Kconst class std::shared_ptr<example_interfaces::msg::Bool_<std::allocator<void> > >[m[Kâ€™} has no member named â€˜[01m[Kdata[m[Kâ€™
[1.257s]    16 |     left_detect = msg.[01;31m[Kdata[m[K;
[1.257s]       |                       [01;31m[K^~~~[m[K
[1.257s] [01m[K/home/alvaro/Documents/GitHub/IR2117/tb3_ws/src/obstacles/src/avoidance.cpp:[m[K In function â€˜[01m[Kvoid callback_right(example_interfaces::msg::Bool_<std::allocator<void> >::SharedPtr)[m[Kâ€™:
[1.257s] [01m[K/home/alvaro/Documents/GitHub/IR2117/tb3_ws/src/obstacles/src/avoidance.cpp:20:24:[m[K [01;31m[Kerror: [m[Kâ€˜[01m[Kconst SharedPtr[m[Kâ€™ {aka â€˜[01m[Kconst class std::shared_ptr<example_interfaces::msg::Bool_<std::allocator<void> > >[m[Kâ€™} has no member named â€˜[01m[Kdata[m[Kâ€™
[1.257s]    20 |     right_detect = msg.[01;31m[Kdata[m[K;
[1.257s]       |                        [01;31m[K^~~~[m[K
[1.273s] [01m[K/home/alvaro/Documents/GitHub/IR2117/tb3_ws/src/obstacles/src/avoidance.cpp:[m[K In function â€˜[01m[Kint main(int, char**)[m[Kâ€™:
[1.273s] [01m[K/home/alvaro/Documents/GitHub/IR2117/tb3_ws/src/obstacles/src/avoidance.cpp:35:14:[m[K [01;31m[Kerror: [m[Kâ€˜[01m[Kfrontdetect[m[Kâ€™ was not declared in this scope; did you mean â€˜[01m[Kfront_detect[m[Kâ€™?
[1.273s]    35 |         if (![01;31m[Kfrontdetect[m[K){
[1.273s]       |              [01;31m[K^~~~~~~~~~~[m[K
[1.273s]       |              [32m[Kfront_detect[m[K
[2.893s] make[2]: *** [CMakeFiles/avoidance.dir/build.make:63: CMakeFiles/avoidance.dir/src/avoidance.cpp.o] Error 1
[2.894s] make[1]: *** [CMakeFiles/Makefile2:107: CMakeFiles/avoidance.dir/all] Error 2
[2.894s] make: *** [Makefile:141: all] Error 2
[2.895s] Invoked command in '/home/alvaro/Documents/GitHub/IR2117/tb3_ws/build/obstacles' returned '2': CMAKE_PREFIX_PATH=${CMAKE_PREFIX_PATH}:/opt/ros/foxy /usr/bin/cmake --build /home/alvaro/Documents/GitHub/IR2117/tb3_ws/build/obstacles -- -j8 -l8
